This is XeTeX, Version 3.14159265-2.6-0.999992 (TeX Live 2020) (preloaded format=xelatex 2020.9.13)  13 DEC 2020 15:00
entering extended mode
 restricted \write18 enabled.
 %&-line parsing enabled.
**cv.tex
(./cv.tex
LaTeX2e <2020-02-02> patch level 5
L3 programming layer <2020-09-06>
(/usr/local/texlive/2020/texmf-dist/tex/latex/base/article.cls
Document Class: article 2019/12/20 v1.4l Standard LaTeX document class
(/usr/local/texlive/2020/texmf-dist/tex/latex/base/size11.clo
File: size11.clo 2019/12/20 v1.4l Standard LaTeX file (size option)
)
\c@part=\count164
\c@section=\count165
\c@subsection=\count166
\c@subsubsection=\count167
\c@paragraph=\count168
\c@subparagraph=\count169
\c@figure=\count170
\c@table=\count171
\abovecaptionskip=\skip47
\belowcaptionskip=\skip48
\bibindent=\dimen134
)
(/usr/local/texlive/2020/texmf-dist/tex/latex/marvosym/marvosym.sty
Package: marvosym 2011/07/20 v2.2 Martin Vogel's Symbols font definitions
)
(/usr/local/texlive/2020/texmf-dist/tex/latex/fontspec/fontspec.sty
(/usr/local/texlive/2020/texmf-dist/tex/latex/l3packages/xparse/xparse.sty
(/usr/local/texlive/2020/texmf-dist/tex/latex/l3kernel/expl3.sty
Package: expl3 2020-09-06 L3 programming layer (loader) 

(/usr/local/texlive/2020/texmf-dist/tex/latex/l3backend/l3backend-xetex.def
File: l3backend-xetex.def 2020-09-11 L3 backend support: XeTeX
\g__graphics_track_int=\count172
\l__pdf_internal_box=\box45
\g__pdf_backend_object_int=\count173
\g__pdf_backend_annotation_int=\count174
))
Package: xparse 2020-05-15 L3 Experimental document command parser

(/usr/local/texlive/2020/texmf-dist/tex/latex/l3packages/xparse/xparse-generic.
tex
\l__xparse_current_arg_int=\count175
\g__xparse_grabber_int=\count176
\l__xparse_m_args_int=\count177
\l__xparse_v_nesting_int=\count178
))
Package: fontspec 2020/02/21 v2.7i Font selection for XeLaTeX and LuaLaTeX
 (/usr/local/texlive/2020/texmf-dist/tex/latex/fontspec/fontspec-xetex.sty
Package: fontspec-xetex 2020/02/21 v2.7i Font selection for XeLaTeX and LuaLaTe
X
\l__fontspec_script_int=\count179
\l__fontspec_language_int=\count180
\l__fontspec_strnum_int=\count181
\l__fontspec_tmp_int=\count182
\l__fontspec_tmpa_int=\count183
\l__fontspec_tmpb_int=\count184
\l__fontspec_tmpc_int=\count185
\l__fontspec_em_int=\count186
\l__fontspec_emdef_int=\count187
\l__fontspec_strong_int=\count188
\l__fontspec_strongdef_int=\count189
\l__fontspec_tmpa_dim=\dimen135
\l__fontspec_tmpb_dim=\dimen136
\l__fontspec_tmpc_dim=\dimen137
(/usr/local/texlive/2020/texmf-dist/tex/latex/base/fontenc.sty
Package: fontenc 2020/02/11 v2.0o Standard LaTeX package
)
(/usr/local/texlive/2020/texmf-dist/tex/latex/fontspec/fontspec.cfg)))
(/usr/local/texlive/2020/texmf-dist/tex/xelatex/xunicode/xunicode.sty
File: xunicode.sty 2011/09/09 v0.981 provides access to latin accents and many 
other characters in Unicode lower plane

(/usr/local/texlive/2020/texmf-dist/tex/latex/tipa/t3enc.def
File: t3enc.def 2001/12/31 T3 encoding
)
\tipaTiiicode=\count190
\tipasavetokens=\toks15
\tipachecktokens=\toks16

(/usr/local/texlive/2020/texmf-dist/tex/latex/graphics/graphicx.sty
Package: graphicx 2019/11/30 v1.2a Enhanced LaTeX Graphics (DPC,SPQR)

(/usr/local/texlive/2020/texmf-dist/tex/latex/graphics/keyval.sty
Package: keyval 2014/10/28 v1.15 key=value parser (DPC)
\KV@toks@=\toks17
)
(/usr/local/texlive/2020/texmf-dist/tex/latex/graphics/graphics.sty
Package: graphics 2019/11/30 v1.4a Standard LaTeX Graphics (DPC,SPQR)

(/usr/local/texlive/2020/texmf-dist/tex/latex/graphics/trig.sty
Package: trig 2016/01/03 v1.10 sin cos tan (DPC)
)
(/usr/local/texlive/2020/texmf-dist/tex/latex/graphics-cfg/graphics.cfg
File: graphics.cfg 2016/06/04 v1.11 sample graphics configuration
)
Package graphics Info: Driver file: xetex.def on input line 105.

(/usr/local/texlive/2020/texmf-dist/tex/latex/graphics-def/xetex.def
File: xetex.def 2020/08/26 v5.0i Graphics/color driver for xetex
))
\Gin@req@height=\dimen138
\Gin@req@width=\dimen139
))
(/usr/local/texlive/2020/texmf-dist/tex/xelatex/xltxtra/xltxtra.sty
Package: xltxtra 2018/12/31 v0.7 Improvements for the "XeLaTeX" format

(/usr/local/texlive/2020/texmf-dist/tex/generic/iftex/ifluatex.sty
Package: ifluatex 2019/10/25 v1.5 ifluatex legacy package. Use iftex instead.

(/usr/local/texlive/2020/texmf-dist/tex/generic/iftex/iftex.sty
Package: iftex 2020/03/06 v1.0d TeX engine tests
))
(/usr/local/texlive/2020/texmf-dist/tex/generic/iftex/ifxetex.sty
Package: ifxetex 2019/10/25 v0.7 ifxetex legacy package. Use iftex instead.
)
(/usr/local/texlive/2020/texmf-dist/tex/latex/realscripts/realscripts.sty
Package: realscripts 2016/02/13 v0.3d Access OpenType subscripts and superscrip
ts
\subsupersep=\dimen140
)
(/usr/local/texlive/2020/texmf-dist/tex/latex/metalogo/metalogo.sty
Package: metalogo 2010/05/29 v0.12 Extended TeX logo macros
\xl@everylogo=\toks18
\xl@@everylogo=\toks19
LaTeX Info: Redefining \TeX on input line 193.
LaTeX Info: Redefining \LaTeX on input line 202.
LaTeX Info: Redefining \LaTeXe on input line 219.
)
\l__xetex_show_hyphens_wrapping_box=\box46
\l__xetex_show_hyphens_temp_box=\box47
\l__xetex_show_hyphens_final_box=\box48
\g__xetex_show_hyphens_word_box=\box49
)
(/usr/local/texlive/2020/texmf-dist/tex/latex/url/url.sty
\Urlmuskip=\muskip16
Package: url 2013/09/16  ver 3.4  Verb mode for urls, etc.
)
(/usr/local/texlive/2020/texmf-dist/tex/latex/parskip/parskip.sty
Package: parskip 2020-06-15 v2.0f non-zero parskip adjustments

(/usr/local/texlive/2020/texmf-dist/tex/latex/kvoptions/kvoptions.sty
Package: kvoptions 2019/11/29 v3.13 Key value format for package options (HO)

(/usr/local/texlive/2020/texmf-dist/tex/generic/ltxcmds/ltxcmds.sty
Package: ltxcmds 2019/12/15 v1.24 LaTeX kernel commands for general use (HO)
)
(/usr/local/texlive/2020/texmf-dist/tex/generic/kvsetkeys/kvsetkeys.sty
Package: kvsetkeys 2019/12/15 v1.18 Key value parser (HO)
))
(/usr/local/texlive/2020/texmf-dist/tex/latex/etoolbox/etoolbox.sty
Package: etoolbox 2020/08/24 v2.5j e-TeX tools for LaTeX (JAW)
\etb@tempcnta=\count191
))
(/usr/local/texlive/2020/texmf-dist/tex/latex/graphics/color.sty
Package: color 2019/11/23 v1.2a Standard LaTeX Color (DPC)

(/usr/local/texlive/2020/texmf-dist/tex/latex/graphics-cfg/color.cfg
File: color.cfg 2016/01/02 v1.6 sample color configuration
)
Package color Info: Driver file: xetex.def on input line 147.
)
(/usr/local/texlive/2020/texmf-dist/tex/latex/xcolor/xcolor.sty
Package: xcolor 2016/05/11 v2.12 LaTeX color extensions (UK)

(/usr/local/texlive/2020/texmf-dist/tex/latex/graphics-cfg/color.cfg
File: color.cfg 2016/01/02 v1.6 sample color configuration
)
Package xcolor Info: Package option `usenames' ignored on input line 216.
Package xcolor Info: Driver file: xetex.def on input line 225.
LaTeX Info: Redefining \color on input line 709.
Package xcolor Info: Model `cmy' substituted by `cmy0' on input line 1348.
Package xcolor Info: Model `RGB' extended on input line 1364.
Package xcolor Info: Model `HTML' substituted by `rgb' on input line 1366.
Package xcolor Info: Model `Hsb' substituted by `hsb' on input line 1367.
Package xcolor Info: Model `tHsb' substituted by `hsb' on input line 1368.
Package xcolor Info: Model `HSB' substituted by `hsb' on input line 1369.
Package xcolor Info: Model `Gray' substituted by `gray' on input line 1370.
Package xcolor Info: Model `wave' substituted by `hsb' on input line 1371.

(/usr/local/texlive/2020/texmf-dist/tex/latex/graphics/dvipsnam.def
File: dvipsnam.def 2016/06/17 v3.0m Driver-dependent file (DPC,SPQR)
))
(/usr/local/texlive/2020/texmf-dist/tex/latex/layaureo/layaureo.sty
Package: layaureo 2004/09/16 v0.2

(/usr/local/texlive/2020/texmf-dist/tex/latex/geometry/geometry.sty
Package: geometry 2020/01/02 v5.9 Page Geometry

(/usr/local/texlive/2020/texmf-dist/tex/generic/iftex/ifvtex.sty
Package: ifvtex 2019/10/25 v1.7 ifvtex legacy package. Use iftex instead.
)
\Gm@cnth=\count192
\Gm@cntv=\count193
\c@Gm@tempcnt=\count194
\Gm@bindingoffset=\dimen141
\Gm@wd@mp=\dimen142
\Gm@odd@mp=\dimen143
\Gm@even@mp=\dimen144
\Gm@layoutwidth=\dimen145
\Gm@layoutheight=\dimen146
\Gm@layouthoffset=\dimen147
\Gm@layoutvoffset=\dimen148
\Gm@dimlist=\toks20
)
(/usr/local/texlive/2020/texmf-dist/tex/latex/tools/calc.sty
Package: calc 2017/05/25 v4.3 Infix arithmetic (KKT,FJ)
\calc@Acount=\count195
\calc@Bcount=\count196
\calc@Adimen=\dimen149
\calc@Bdimen=\dimen150
\calc@Askip=\skip49
\calc@Bskip=\skip50
LaTeX Info: Redefining \setlength on input line 80.
LaTeX Info: Redefining \addtolength on input line 81.
\calc@Ccount=\count197
\calc@Cskip=\skip51
)
\LA@MargineRilegatura=\skip52
\LA@LarghezzaTesto=\skip53
\LA@AltezzaTesto=\skip54
\LA@MargineSinistro=\skip55
\LA@MargineSuperiore=\skip56
)
(/usr/local/texlive/2020/texmf-dist/tex/latex/supertabular/supertabular.sty
Package: supertabular 2020/02/02 v4.1g the supertabular environment
\c@tracingst=\count198
\ST@wd=\dimen151
\ST@rightskip=\skip57
\ST@leftskip=\skip58
\ST@parfillskip=\skip59
\ST@pageleft=\dimen152
\ST@headht=\dimen153
\ST@tailht=\dimen154
\ST@pagesofar=\dimen155
\ST@pboxht=\dimen156
\ST@lineht=\dimen157
\ST@prevht=\dimen158
\ST@toadd=\dimen159
\ST@dimen=\dimen160
\ST@pbox=\box50
)
(/usr/local/texlive/2020/texmf-dist/tex/latex/titlesec/titlesec.sty
Package: titlesec 2019/10/16 v2.13 Sectioning titles
\ttl@box=\box51
\beforetitleunit=\skip60
\aftertitleunit=\skip61
\ttl@plus=\dimen161
\ttl@minus=\dimen162
\ttl@toksa=\toks21
\titlewidth=\dimen163
\titlewidthlast=\dimen164
\titlewidthfirst=\dimen165
)
(/usr/local/texlive/2020/texmf-dist/tex/xelatex/xecjk/xeCJK.sty
Package: xeCJK 2020/08/23 v3.8.5 Typesetting CJK scripts with XeLaTeX

(/usr/local/texlive/2020/texmf-dist/tex/latex/l3packages/l3keys2e/l3keys2e.sty
Package: l3keys2e 2020-05-15 LaTeX2e option processing using LaTeX3 keys
)
(/usr/local/texlive/2020/texmf-dist/tex/latex/l3packages/xtemplate/xtemplate.st
y
Package: xtemplate 2020-05-15 L3 Experimental prototype document functions
\l__xtemplate_tmp_dim=\dimen166
\l__xtemplate_tmp_int=\count199
\l__xtemplate_tmp_muskip=\muskip17
\l__xtemplate_tmp_skip=\skip62
)
\l__xeCJK_tmp_int=\count266
\l__xeCJK_tmp_box=\box52
\l__xeCJK_tmp_dim=\dimen167
\l__xeCJK_tmp_skip=\skip63
 (/usr/local/texlive/2020/texmf-dist/tex/latex/ctex/ctexhook.sty
Package: ctexhook 2020/08/23 v2.5.4 Document and package hooks (CTEX)
)
\g__xeCJK_space_factor_int=\count267
\l__xeCJK_begin_int=\count268
\l__xeCJK_end_int=\count269
\c__xeCJK_CJK_class_int=\XeTeXcharclass1
\c__xeCJK_FullLeft_class_int=\XeTeXcharclass2
\c__xeCJK_FullRight_class_int=\XeTeXcharclass3
\c__xeCJK_HalfLeft_class_int=\XeTeXcharclass4
\c__xeCJK_HalfRight_class_int=\XeTeXcharclass5
\c__xeCJK_NormalSpace_class_int=\XeTeXcharclass6
\c__xeCJK_CM_class_int=\XeTeXcharclass7
\c__xeCJK_HangulJamo_class_int=\XeTeXcharclass8
\l__xeCJK_last_skip=\skip64
\g__xeCJK_node_int=\count270
\c__xeCJK_CJK_node_dim=\dimen168
\c__xeCJK_CJK-space_node_dim=\dimen169
\c__xeCJK_default_node_dim=\dimen170
\c__xeCJK_default-space_node_dim=\dimen171
\c__xeCJK_CJK-widow_node_dim=\dimen172
\c__xeCJK_normalspace_node_dim=\dimen173
\l__xeCJK_ccglue_skip=\skip65
\l__xeCJK_ecglue_skip=\skip66
\l__xeCJK_punct_kern_skip=\skip67
\l__xeCJK_last_penalty_int=\count271
\l__xeCJK_last_bound_dim=\dimen174
\l__xeCJK_last_kern_dim=\dimen175
\l__xeCJK_widow_penalty_int=\count272

Package xtemplate Info: Declaring object type 'xeCJK/punctuation' taking 0
(xtemplate)             argument(s) on line 2335.

\l__xeCJK_fixed_punct_width_dim=\dimen176
\l__xeCJK_mixed_punct_width_dim=\dimen177
\l__xeCJK_middle_punct_width_dim=\dimen178
\l__xeCJK_fixed_margin_width_dim=\dimen179
\l__xeCJK_mixed_margin_width_dim=\dimen180
\l__xeCJK_middle_margin_width_dim=\dimen181
\l__xeCJK_bound_punct_width_dim=\dimen182
\l__xeCJK_bound_margin_width_dim=\dimen183
\l__xeCJK_margin_minimum_dim=\dimen184
\l__xeCJK_kerning_total_width_dim=\dimen185
\l__xeCJK_same_align_margin_dim=\dimen186
\l__xeCJK_different_align_margin_dim=\dimen187
\l__xeCJK_kerning_margin_width_dim=\dimen188
\l__xeCJK_kerning_margin_minimum_dim=\dimen189
\l__xeCJK_bound_dim=\dimen190
\l__xeCJK_reverse_bound_dim=\dimen191
\l__xeCJK_margin_dim=\dimen192
\l__xeCJK_minimum_bound_dim=\dimen193
\l__xeCJK_kerning_margin_dim=\dimen194
\g__xeCJK_family_int=\count273
\l__xeCJK_fam_int=\count274
\g__xeCJK_fam_allocation_int=\count275
\l__xeCJK_verb_case_int=\count276
\l__xeCJK_verb_exspace_skip=\skip68

(/usr/local/texlive/2020/texmf-dist/tex/xelatex/xecjk/xeCJK.cfg
File: xeCJK.cfg 2020/08/23 v3.8.5 Configuration file for xeCJK package
))
(/usr/local/texlive/2020/texmf-dist/tex/latex/wrapfig/wrapfig.sty
\wrapoverhang=\dimen195
\WF@size=\dimen196
\c@WF@wrappedlines=\count277
\WF@box=\box53
\WF@everypar=\toks22
Package: wrapfig 2003/01/31  v 3.6
)
(/usr/local/texlive/2020/texmf-dist/tex/latex/multirow/multirow.sty
Package: multirow 2019/05/31 v2.5 Span multiple rows of a table
\multirow@colwidth=\skip69
\multirow@cntb=\count278
\multirow@dima=\skip70
\bigstrutjot=\dimen197
)

Package geometry Warning: Over-specification in `v'-direction.
    `height' (698.98755pt) is ignored.

(/usr/local/texlive/2020/texmf-dist/tex/latex/hyperref/hyperref.sty
Package: hyperref 2020-05-15 v7.00e Hypertext links for LaTeX

(/usr/local/texlive/2020/texmf-dist/tex/generic/pdftexcmds/pdftexcmds.sty
Package: pdftexcmds 2020-06-27 v0.33 Utility functions of pdfTeX for LuaTeX (HO
)

(/usr/local/texlive/2020/texmf-dist/tex/generic/infwarerr/infwarerr.sty
Package: infwarerr 2019/12/03 v1.5 Providing info/warning/error messages (HO)
)
Package pdftexcmds Info: \pdf@primitive is available.
Package pdftexcmds Info: \pdf@ifprimitive is available.
Package pdftexcmds Info: \pdfdraftmode not found.
)
(/usr/local/texlive/2020/texmf-dist/tex/generic/kvdefinekeys/kvdefinekeys.sty
Package: kvdefinekeys 2019-12-19 v1.6 Define keys (HO)
)
(/usr/local/texlive/2020/texmf-dist/tex/generic/pdfescape/pdfescape.sty
Package: pdfescape 2019/12/09 v1.15 Implements pdfTeX's escape features (HO)
)
(/usr/local/texlive/2020/texmf-dist/tex/latex/hycolor/hycolor.sty
Package: hycolor 2020-01-27 v1.10 Color options for hyperref/bookmark (HO)
)
(/usr/local/texlive/2020/texmf-dist/tex/latex/letltxmacro/letltxmacro.sty
Package: letltxmacro 2019/12/03 v1.6 Let assignment for LaTeX macros (HO)
)
(/usr/local/texlive/2020/texmf-dist/tex/latex/auxhook/auxhook.sty
Package: auxhook 2019-12-17 v1.6 Hooks for auxiliary files (HO)
)
\@linkdim=\dimen198
\Hy@linkcounter=\count279
\Hy@pagecounter=\count280

(/usr/local/texlive/2020/texmf-dist/tex/latex/hyperref/pd1enc.def
File: pd1enc.def 2020-05-15 v7.00e Hyperref: PDFDocEncoding definition (HO)
)
(/usr/local/texlive/2020/texmf-dist/tex/generic/intcalc/intcalc.sty
Package: intcalc 2019/12/15 v1.3 Expandable calculations with integers (HO)
)
(/usr/local/texlive/2020/texmf-dist/tex/generic/etexcmds/etexcmds.sty
Package: etexcmds 2019/12/15 v1.7 Avoid name clashes with e-TeX commands (HO)
)
\Hy@SavedSpaceFactor=\count281
Package hyperref Info: Hyper figures OFF on input line 4464.
Package hyperref Info: Link nesting OFF on input line 4469.
Package hyperref Info: Hyper index ON on input line 4472.
Package hyperref Info: Plain pages OFF on input line 4479.
Package hyperref Info: Backreferencing OFF on input line 4484.
Package hyperref Info: Implicit mode ON; LaTeX internals redefined.
Package hyperref Info: Bookmarks ON on input line 4717.
\c@Hy@tempcnt=\count282
LaTeX Info: Redefining \url on input line 5076.
\XeTeXLinkMargin=\dimen199

(/usr/local/texlive/2020/texmf-dist/tex/generic/bitset/bitset.sty
Package: bitset 2019/12/09 v1.3 Handle bit-vector datatype (HO)

(/usr/local/texlive/2020/texmf-dist/tex/generic/bigintcalc/bigintcalc.sty
Package: bigintcalc 2019/12/15 v1.5 Expandable calculations on big integers (HO
)
))
\Fld@menulength=\count283
\Field@Width=\dimen256
\Fld@charsize=\dimen257
Package hyperref Info: Hyper figures OFF on input line 6347.
Package hyperref Info: Link nesting OFF on input line 6352.
Package hyperref Info: Hyper index ON on input line 6355.
Package hyperref Info: backreferencing OFF on input line 6362.
Package hyperref Info: Link coloring OFF on input line 6367.
Package hyperref Info: Link coloring with OCG OFF on input line 6372.
Package hyperref Info: PDF/A mode OFF on input line 6377.
LaTeX Info: Redefining \ref on input line 6417.
LaTeX Info: Redefining \pageref on input line 6421.

(/usr/local/texlive/2020/texmf-dist/tex/generic/atbegshi/atbegshi.sty
Package: atbegshi 2019/12/05 v1.19 At begin shipout hook (HO)
)
\Hy@abspage=\count284
\c@Item=\count285
\c@Hfootnote=\count286
)
Package hyperref Info: Driver (autodetected): hxetex.

(/usr/local/texlive/2020/texmf-dist/tex/latex/hyperref/hxetex.def
File: hxetex.def 2020-05-15 v7.00e Hyperref driver for XeTeX

(/usr/local/texlive/2020/texmf-dist/tex/latex/hyperref/puenc.def
File: puenc.def 2020-05-15 v7.00e Hyperref: PDF Unicode definition (HO)
)
(/usr/local/texlive/2020/texmf-dist/tex/generic/stringenc/stringenc.sty
Package: stringenc 2019/11/29 v1.12 Convert strings between diff. encodings (HO
)
)
\pdfm@box=\box54
\c@Hy@AnnotLevel=\count287
\HyField@AnnotCount=\count288
\Fld@listcount=\count289
\c@bookmark@seq@number=\count290

(/usr/local/texlive/2020/texmf-dist/tex/latex/rerunfilecheck/rerunfilecheck.sty
Package: rerunfilecheck 2019/12/05 v1.9 Rerun checks for auxiliary files (HO)
(/usr/local/texlive/2020/texmf-dist/tex/latex/atveryend/atveryend.sty
Package: atveryend 2019-12-11 v1.11 Hooks at the very end of document (HO)
)
(/usr/local/texlive/2020/texmf-dist/tex/generic/uniquecounter/uniquecounter.sty
Package: uniquecounter 2019/12/15 v1.4 Provide unlimited unique counter (HO)
)
Package uniquecounter Info: New unique counter `rerunfilecheck' on input line 2
86.
)
\Hy@SectionHShift=\skip71
)
Package hyperref Info: Option `colorlinks' set `true' on input line 26.
Package hyperref Info: Option `breaklinks' set `true' on input line 26.

Package fontspec Info: Could not resolve font "Hei/I" (it probably doesn't
(fontspec)             exist).


Package fontspec Info: Could not resolve font "STXihei/I" (it probably doesn't
(fontspec)             exist).


Package fontspec Info: Font family 'STXihei(0)' created for font 'STXihei'
(fontspec)             with options
(fontspec)             [Mapping=tex-text,Ligatures=TeX,BoldFont={Hei}].
(fontspec)              
(fontspec)              This font family consists of the following NFSS
(fontspec)             series/shapes:
(fontspec)              
(fontspec)             - 'normal' (m/n) with NFSS spec.:
(fontspec)             <->"STXihei/OT:script=latn;language=dflt;mapping=tex-tex
t;"
(fontspec)             - 'small caps'  (m/sc) with NFSS spec.: 
(fontspec)             - 'bold' (b/n) with NFSS spec.:
(fontspec)             <->"Hei/OT:script=latn;language=dflt;mapping=tex-text;"
(fontspec)             - 'bold small caps'  (b/sc) with NFSS spec.: 
(fontspec)             - 'bold italic' (b/it) with NFSS spec.:
(fontspec)             <->"STXihei/BI/OT:script=latn;language=dflt;mapping=tex-
text;"
(fontspec)             - 'bold italic small caps'  (b/scit) with NFSS spec.: 



Package fontspec Warning: Font "STXihei" does not contain requested Script
(fontspec)                "CJK".


Package fontspec Info: Could not resolve font "Hei/I" (it probably doesn't
(fontspec)             exist).


Package fontspec Info: Could not resolve font "STXihei/I" (it probably doesn't
(fontspec)             exist).


Package fontspec Info: Font family 'STXihei(1)' created for font 'STXihei'
(fontspec)             with options
(fontspec)             [Mapping=tex-text,Script={CJK},BoldFont={Hei}].
(fontspec)              
(fontspec)              This font family consists of the following NFSS
(fontspec)             series/shapes:
(fontspec)              
(fontspec)             - 'normal' (m/n) with NFSS spec.:
(fontspec)             <->"STXihei/OT:script=latn;language=dflt;mapping=tex-tex
t;"
(fontspec)             - 'small caps'  (m/sc) with NFSS spec.: 
(fontspec)             - 'bold' (b/n) with NFSS spec.:
(fontspec)             <->"Hei/OT:script=latn;language=dflt;mapping=tex-text;"
(fontspec)             - 'bold small caps'  (b/sc) with NFSS spec.: 
(fontspec)             - 'bold italic' (b/it) with NFSS spec.:
(fontspec)             <->"STXihei/BI/OT:script=latn;language=dflt;mapping=tex-
text;"
(fontspec)             - 'bold italic small caps'  (b/scit) with NFSS spec.: 

(/usr/local/texlive/2020/texmf-dist/tex/latex/textpos/textpos.sty
Package: textpos 2019/04/15 v1.9.1

Package: textpos 2019/04/15 1.9.1, absolute positioning of text on the page
(/usr/local/texlive/2020/texmf-dist/tex/latex/ms/everyshi.sty
Package: everyshi 2001/05/15 v3.00 EveryShipout Package (MS)
)
\TP@textbox=\box55
\TP@holdbox=\box56
\TPHorizModule=\dimen258
\TPVertModule=\dimen259
\TP@margin=\dimen260
\TP@absmargin=\dimen261

Grid set 16 x 16 = 37.34424pt x 52.81541pt
\TPboxrulesize=\dimen262
\TP@ox=\dimen263
\TP@oy=\dimen264
\TP@tbargs=\toks23
\TP@prevdepth=\dimen265
TextBlockOrigin set to 0pt x 0pt
)
TextBlockOrigin set to 2mm x 0.65\paperheight 
(/usr/local/texlive/2020/texmf-dist/tex/xelatex/xecjk/xunicode-addon.sty
Package: xunicode-addon 2020/08/23 v3.8.5 addon file for xunicode
\l__xunadd_tmp_coffin=\box57
\l__xunadd_circle_coffin=\box58
\l_xunadd_slot_int=\count291
)
(/usr/local/texlive/2020/texmf-dist/tex/xelatex/xunicode/xunicode.sty
File: xunicode.sty 2011/09/09 v0.981 provides access to latin accents and many 
other characters in Unicode lower plane

*** Reloading Xunicode for encoding 'TU' ***
) (/usr/local/texlive/2020/texmf-dist/tex/xelatex/xecjk/xunicode-extra.def
File: xunicode-extra.def 2020/08/23 v3.8.5 extra definition for xunicode
)
(./cv.aux)
\openout1 = `cv.aux'.

LaTeX Font Info:    Checking defaults for OML/cmm/m/it on input line 62.
LaTeX Font Info:    ... okay on input line 62.
LaTeX Font Info:    Checking defaults for OMS/cmsy/m/n on input line 62.
LaTeX Font Info:    ... okay on input line 62.
LaTeX Font Info:    Checking defaults for OT1/cmr/m/n on input line 62.
LaTeX Font Info:    ... okay on input line 62.
LaTeX Font Info:    Checking defaults for T1/cmr/m/n on input line 62.
LaTeX Font Info:    ... okay on input line 62.
LaTeX Font Info:    Checking defaults for TS1/cmr/m/n on input line 62.
LaTeX Font Info:    Trying to load font information for TS1+cmr on input line 6
2.
 (/usr/local/texlive/2020/texmf-dist/tex/latex/base/ts1cmr.fd
File: ts1cmr.fd 2019/12/16 v2.5j Standard LaTeX font definitions
)
LaTeX Font Info:    ... okay on input line 62.
LaTeX Font Info:    Checking defaults for TU/lmr/m/n on input line 62.
LaTeX Font Info:    ... okay on input line 62.
LaTeX Font Info:    Checking defaults for OMX/cmex/m/n on input line 62.
LaTeX Font Info:    ... okay on input line 62.
LaTeX Font Info:    Checking defaults for U/cmr/m/n on input line 62.
LaTeX Font Info:    ... okay on input line 62.
LaTeX Font Info:    Checking defaults for T3/cmr/m/n on input line 62.
LaTeX Font Info:    Trying to load font information for T3+cmr on input line 62
.

(/usr/local/texlive/2020/texmf-dist/tex/latex/tipa/t3cmr.fd
File: t3cmr.fd 2001/12/31 TIPA font definitions
)
LaTeX Font Info:    ... okay on input line 62.
LaTeX Font Info:    Checking defaults for PD1/pdf/m/n on input line 62.
LaTeX Font Info:    ... okay on input line 62.
LaTeX Font Info:    Checking defaults for PU/pdf/m/n on input line 62.
LaTeX Font Info:    ... okay on input line 62.

Package fontspec Info: Adjusting the maths setup (use [no-math] to avoid
(fontspec)             this).

\symlegacymaths=\mathgroup4
LaTeX Font Info:    Overwriting symbol font `legacymaths' in version `bold'
(Font)                  OT1/cmr/m/n --> OT1/cmr/bx/n on input line 62.
LaTeX Font Info:    Redeclaring math accent \acute on input line 62.
LaTeX Font Info:    Redeclaring math accent \grave on input line 62.
LaTeX Font Info:    Redeclaring math accent \ddot on input line 62.
LaTeX Font Info:    Redeclaring math accent \tilde on input line 62.
LaTeX Font Info:    Redeclaring math accent \bar on input line 62.
LaTeX Font Info:    Redeclaring math accent \breve on input line 62.
LaTeX Font Info:    Redeclaring math accent \check on input line 62.
LaTeX Font Info:    Redeclaring math accent \hat on input line 62.
LaTeX Font Info:    Redeclaring math accent \dot on input line 62.
LaTeX Font Info:    Redeclaring math accent \mathring on input line 62.
LaTeX Font Info:    Redeclaring math symbol \colon on input line 62.
LaTeX Font Info:    Redeclaring math symbol \Gamma on input line 62.
LaTeX Font Info:    Redeclaring math symbol \Delta on input line 62.
LaTeX Font Info:    Redeclaring math symbol \Theta on input line 62.
LaTeX Font Info:    Redeclaring math symbol \Lambda on input line 62.
LaTeX Font Info:    Redeclaring math symbol \Xi on input line 62.
LaTeX Font Info:    Redeclaring math symbol \Pi on input line 62.
LaTeX Font Info:    Redeclaring math symbol \Sigma on input line 62.
LaTeX Font Info:    Redeclaring math symbol \Upsilon on input line 62.
LaTeX Font Info:    Redeclaring math symbol \Phi on input line 62.
LaTeX Font Info:    Redeclaring math symbol \Psi on input line 62.
LaTeX Font Info:    Redeclaring math symbol \Omega on input line 62.
LaTeX Font Info:    Redeclaring math symbol \mathdollar on input line 62.
LaTeX Font Info:    Redeclaring symbol font `operators' on input line 62.
LaTeX Font Info:    Encoding `OT1' has changed to `TU' for symbol font
(Font)              `operators' in the math version `normal' on input line 62.
LaTeX Font Info:    Overwriting symbol font `operators' in version `normal'
(Font)                  OT1/cmr/m/n --> TU/STXihei(0)/m/n on input line 62.
LaTeX Font Info:    Encoding `OT1' has changed to `TU' for symbol font
(Font)              `operators' in the math version `bold' on input line 62.
LaTeX Font Info:    Overwriting symbol font `operators' in version `bold'
(Font)                  OT1/cmr/bx/n --> TU/STXihei(0)/m/n on input line 62.
LaTeX Font Info:    Overwriting symbol font `operators' in version `normal'
(Font)                  TU/STXihei(0)/m/n --> TU/STXihei(0)/m/n on input line 6
2.
LaTeX Font Info:    Overwriting math alphabet `\mathit' in version `normal'
(Font)                  OT1/cmr/m/it --> TU/STXihei(0)/m/it on input line 62.
LaTeX Font Info:    Overwriting math alphabet `\mathbf' in version `normal'
(Font)                  OT1/cmr/bx/n --> TU/STXihei(0)/b/n on input line 62.
LaTeX Font Info:    Overwriting math alphabet `\mathsf' in version `normal'
(Font)                  OT1/cmss/m/n --> TU/lmss/m/n on input line 62.
LaTeX Font Info:    Overwriting math alphabet `\mathtt' in version `normal'
(Font)                  OT1/cmtt/m/n --> TU/lmtt/m/n on input line 62.
LaTeX Font Info:    Overwriting symbol font `operators' in version `bold'
(Font)                  TU/STXihei(0)/m/n --> TU/STXihei(0)/b/n on input line 6
2.
LaTeX Font Info:    Overwriting math alphabet `\mathit' in version `bold'
(Font)                  OT1/cmr/bx/it --> TU/STXihei(0)/b/it on input line 62.
LaTeX Font Info:    Overwriting math alphabet `\mathsf' in version `bold'
(Font)                  OT1/cmss/bx/n --> TU/lmss/b/n on input line 62.
LaTeX Font Info:    Overwriting math alphabet `\mathtt' in version `bold'
(Font)                  OT1/cmtt/m/n --> TU/lmtt/b/n on input line 62.

*geometry* driver: auto-detecting
*geometry* detected driver: xetex
*geometry* verbose mode - [ preamble ] result:
* driver: xetex
* paper: a4paper
* layout: <same size as paper>
* layoutoffset:(h,v)=(0.0pt,0.0pt)
* modes: 
* h-part:(L,W,R)=(82.75394pt, 432.0pt, 82.75394pt)
* v-part:(T,H,B)=(28.45274pt, 788.14136pt, 28.45274pt)
* \paperwidth=597.50787pt
* \paperheight=845.04684pt
* \textwidth=432.0pt
* \textheight=788.14136pt
* \oddsidemargin=10.48395pt
* \evensidemargin=10.48395pt
* \topmargin=-80.81725pt
* \headheight=12.0pt
* \headsep=25.0pt
* \topskip=11.0pt
* \footskip=30.0pt
* \marginparwidth=50.0pt
* \marginparsep=10.0pt
* \columnsep=10.0pt
* \skip\footins=10.0pt plus 4.0pt minus 2.0pt
* \hoffset=0.0pt
* \voffset=0.0pt
* \mag=1000
* \@twocolumnfalse
* \@twosidefalse
* \@mparswitchfalse
* \@reversemarginfalse
* (1in=72.27pt=25.4mm, 1cm=28.453pt)

\AtBeginShipoutBox=\box59
Package hyperref Info: Link coloring ON on input line 62.
(/usr/local/texlive/2020/texmf-dist/tex/latex/hyperref/nameref.sty
Package: nameref 2019/09/16 v2.46 Cross-referencing by name of section

(/usr/local/texlive/2020/texmf-dist/tex/latex/refcount/refcount.sty
Package: refcount 2019/12/15 v3.6 Data extraction from label references (HO)
)
(/usr/local/texlive/2020/texmf-dist/tex/generic/gettitlestring/gettitlestring.s
ty
Package: gettitlestring 2019/12/15 v1.6 Cleanup title references (HO)
)
\c@section@level=\count292
)
LaTeX Info: Redefining \ref on input line 62.
LaTeX Info: Redefining \pageref on input line 62.
LaTeX Info: Redefining \nameref on input line 62.
 (./cv.out) (./cv.out)
\@outlinefile=\write3
\openout3 = `cv.out'.

 ABD: EveryShipout initializing macros

LaTeX Font Warning: Font shape `TU/STXihei(0)/m/sc' undefined
(Font)              using `TU/STXihei(0)/m/n' instead on input line 83.


LaTeX Font Warning: Font shape `TU/STXihei(1)/m/sc' undefined
(Font)              using `TU/STXihei(1)/m/n' instead on input line 83.

(/usr/local/texlive/2020/texmf-dist/tex/generic/stringenc/se-ascii-print.def
File: se-ascii-print.def 2019/11/29 v1.12 stringenc: Printable ASCII characters

)
LaTeX Font Info:    External font `cmex10' loaded for size
(Font)              <10.95> on input line 92.
LaTeX Font Info:    External font `cmex10' loaded for size
(Font)              <8> on input line 92.
LaTeX Font Info:    External font `cmex10' loaded for size
(Font)              <6> on input line 92.
File: my_pic_pro.png Graphic file (type bmp)
<my_pic_pro.png>

Overfull \vbox (33.94112pt too high) detected at line 93
 []


Package fontspec Info: Font family 'Fontin.otf(0)' created for font
(fontspec)             'Fontin.otf' with options
(fontspec)             [Mapping=tex-text,Ligatures=TeX,SmallCapsFont=Fontin-Sma
llCaps.otf].
(fontspec)              
(fontspec)              This font family consists of the following NFSS
(fontspec)             series/shapes:
(fontspec)              
(fontspec)             - 'normal' (m/n) with NFSS spec.:
(fontspec)             <->"[Fontin.otf]/OT:language=dflt;mapping=tex-text;"
(fontspec)             - 'small caps'  (m/sc) with NFSS spec.:
(fontspec)             <->"[Fontin-SmallCaps.otf]/OT:language=dflt;mapping=tex-
text;"

Package atveryend Info: Empty hook `BeforeClearDocument' on input line 180.
[1

]
Package atveryend Info: Empty hook `AfterLastShipout' on input line 180.
 (./cv.aux)
Package atveryend Info: Empty hook `AtVeryEndDocument' on input line 180.
Package atveryend Info: Executing hook `AtEndAfterFileList' on input line 180.
Package rerunfilecheck Info: File `cv.out' has not changed.
(rerunfilecheck)             Checksum: 7D392C2689A0ABB60731A8928E06E77A;632.


LaTeX Font Warning: Some font shapes were not available, defaults substituted.

 ) 
Here is how much of TeX's memory you used:
 19566 strings out of 479682
 367023 string characters out of 5888518
 685155 words of memory out of 5000000
 36576 multiletter control sequences out of 15000+600000
 538403 words of font info for 66 fonts, out of 8000000 for 9000
 1349 hyphenation exceptions out of 8191
 45i,9n,70p,1191b,360s stack positions out of 5000i,500n,10000p,200000b,80000s

Output written on cv.xdv (1 page, 19320 bytes).
